2023-08-11 13:07:15.968 [INFO] [restartedMain] [55] Starting UAndMeApplication using Java 17.0.6 on LAPTOP-EGI1T3KO with PID 14380 (C:\temp\u-and-me\target\classes started by T14 Gen 3 in C:\temp\u-and-me)
2023-08-11 13:07:15.975 [DEBUG] [restartedMain] [56] Running with Spring Boot v2.7.14, Spring v5.3.29
2023-08-11 13:07:15.976 [INFO] [restartedMain] [631] No active profile set, falling back to 1 default profile: "default"
2023-08-11 13:07:16.045 [INFO] [restartedMain] [255] Devtools property defaults active! Set 'spring.devtools.add-properties' to 'false' to disable
2023-08-11 13:07:16.046 [INFO] [restartedMain] [255] For additional web related logging consider setting the 'logging.level.web' property to 'DEBUG'
2023-08-11 13:07:16.679 [INFO] [restartedMain] [132] Bootstrapping Spring Data JPA repositories in DEFAULT mode.
2023-08-11 13:07:16.697 [INFO] [restartedMain] [201] Finished Spring Data repository scanning in 5 ms. Found 0 JPA repository interfaces.
2023-08-11 13:07:17.484 [INFO] [restartedMain] [108] Tomcat initialized with port(s): 8080 (http)
2023-08-11 13:07:17.497 [INFO] [restartedMain] [173] Starting service [Tomcat]
2023-08-11 13:07:17.498 [INFO] [restartedMain] [173] Starting Servlet engine: [Apache Tomcat/9.0.78]
2023-08-11 13:07:17.719 [INFO] [restartedMain] [173] At least one JAR was scanned for TLDs yet contained no TLDs. Enable debug logging for this logger for a complete list of JARs that were scanned but no TLDs were found in them. Skipping unneeded JARs during scanning can improve startup time and JSP compilation time.
2023-08-11 13:07:17.743 [INFO] [restartedMain] [173] Initializing Spring embedded WebApplicationContext
2023-08-11 13:07:17.744 [INFO] [restartedMain] [292] Root WebApplicationContext: initialization completed in 1697 ms
2023-08-11 13:07:18.190 [INFO] [restartedMain] [110] HikariPool-1 - Starting...
2023-08-11 13:07:18.495 [INFO] [restartedMain] [123] HikariPool-1 - Start completed.
2023-08-11 13:07:18.588 [INFO] [restartedMain] [31] HHH000204: Processing PersistenceUnitInfo [name: default]
2023-08-11 13:07:18.782 [INFO] [restartedMain] [44] HHH000412: Hibernate ORM core version 5.6.15.Final
2023-08-11 13:07:18.974 [INFO] [restartedMain] [56] HCANN000001: Hibernate Commons Annotations {5.1.2.Final}
2023-08-11 13:07:19.224 [INFO] [restartedMain] [175] HHH000400: Using dialect: org.hibernate.dialect.MySQLDialect
2023-08-11 13:07:19.494 [INFO] [restartedMain] [52] HHH000490: Using JtaPlatform implementation: [org.hibernate.engine.transaction.jta.platform.internal.NoJtaPlatform]
2023-08-11 13:07:19.517 [INFO] [restartedMain] [437] Initialized JPA EntityManagerFactory for persistence unit 'default'
2023-08-11 13:07:19.604 [WARN] [restartedMain] [223] spring.jpa.open-in-view is enabled by default. Therefore, database queries may be performed during view rendering. Explicitly configure spring.jpa.open-in-view to disable this warning
2023-08-11 13:07:20.066 [INFO] [restartedMain] [58] Adding welcome page: class path resource [static/index.html]
2023-08-11 13:07:20.614 [INFO] [restartedMain] [59] LiveReload server is running on port 35729
2023-08-11 13:07:20.774 [INFO] [restartedMain] [220] Tomcat started on port(s): 8080 (http) with context path '/u-and-me'
2023-08-11 13:07:20.801 [INFO] [restartedMain] [61] Started UAndMeApplication in 5.289 seconds (JVM running for 5.864)
2023-08-11 13:07:53.705 [INFO] [http-nio-8080-exec-2] [173] Initializing Spring DispatcherServlet 'dispatcherServlet'
2023-08-11 13:07:53.706 [INFO] [http-nio-8080-exec-2] [525] Initializing Servlet 'dispatcherServlet'
2023-08-11 13:07:53.708 [INFO] [http-nio-8080-exec-2] [547] Completed initialization in 2 ms
2023-08-11 13:13:39.936 [INFO] [SpringApplicationShutdownHook] [651] Closing JPA EntityManagerFactory for persistence unit 'default'
2023-08-11 13:13:39.940 [INFO] [SpringApplicationShutdownHook] [350] HikariPool-1 - Shutdown initiated...
2023-08-11 13:13:39.947 [INFO] [SpringApplicationShutdownHook] [352] HikariPool-1 - Shutdown completed.
2023-08-11 13:13:47.287 [INFO] [restartedMain] [55] Starting UAndMeApplication using Java 17.0.6 on LAPTOP-EGI1T3KO with PID 18360 (C:\temp\u-and-me\target\classes started by T14 Gen 3 in C:\temp\u-and-me)
2023-08-11 13:13:47.289 [DEBUG] [restartedMain] [56] Running with Spring Boot v2.7.14, Spring v5.3.29
2023-08-11 13:13:47.289 [INFO] [restartedMain] [631] No active profile set, falling back to 1 default profile: "default"
2023-08-11 13:13:47.396 [INFO] [restartedMain] [255] Devtools property defaults active! Set 'spring.devtools.add-properties' to 'false' to disable
2023-08-11 13:13:47.397 [INFO] [restartedMain] [255] For additional web related logging consider setting the 'logging.level.web' property to 'DEBUG'
2023-08-11 13:13:48.638 [INFO] [restartedMain] [132] Bootstrapping Spring Data JPA repositories in DEFAULT mode.
2023-08-11 13:13:48.679 [INFO] [restartedMain] [201] Finished Spring Data repository scanning in 9 ms. Found 0 JPA repository interfaces.
2023-08-11 13:13:50.108 [INFO] [restartedMain] [108] Tomcat initialized with port(s): 8080 (http)
2023-08-11 13:13:50.136 [INFO] [restartedMain] [173] Starting service [Tomcat]
2023-08-11 13:13:50.137 [INFO] [restartedMain] [173] Starting Servlet engine: [Apache Tomcat/9.0.78]
2023-08-11 13:13:50.572 [INFO] [restartedMain] [173] At least one JAR was scanned for TLDs yet contained no TLDs. Enable debug logging for this logger for a complete list of JARs that were scanned but no TLDs were found in them. Skipping unneeded JARs during scanning can improve startup time and JSP compilation time.
2023-08-11 13:13:50.627 [INFO] [restartedMain] [173] Initializing Spring embedded WebApplicationContext
2023-08-11 13:13:50.629 [INFO] [restartedMain] [292] Root WebApplicationContext: initialization completed in 3230 ms
2023-08-11 13:13:51.749 [INFO] [restartedMain] [110] HikariPool-1 - Starting...
2023-08-11 13:13:52.248 [INFO] [restartedMain] [123] HikariPool-1 - Start completed.
2023-08-11 13:13:52.345 [INFO] [restartedMain] [31] HHH000204: Processing PersistenceUnitInfo [name: default]
2023-08-11 13:13:52.548 [INFO] [restartedMain] [44] HHH000412: Hibernate ORM core version 5.6.15.Final
2023-08-11 13:13:52.768 [INFO] [restartedMain] [56] HCANN000001: Hibernate Commons Annotations {5.1.2.Final}
2023-08-11 13:13:52.906 [INFO] [restartedMain] [175] HHH000400: Using dialect: org.hibernate.dialect.MySQLDialect
2023-08-11 13:13:53.144 [INFO] [restartedMain] [52] HHH000490: Using JtaPlatform implementation: [org.hibernate.engine.transaction.jta.platform.internal.NoJtaPlatform]
2023-08-11 13:13:53.169 [INFO] [restartedMain] [437] Initialized JPA EntityManagerFactory for persistence unit 'default'
2023-08-11 13:13:53.266 [WARN] [restartedMain] [223] spring.jpa.open-in-view is enabled by default. Therefore, database queries may be performed during view rendering. Explicitly configure spring.jpa.open-in-view to disable this warning
2023-08-11 13:13:53.752 [INFO] [restartedMain] [58] Adding welcome page: class path resource [static/index.html]
2023-08-11 13:13:54.270 [INFO] [restartedMain] [59] LiveReload server is running on port 35729
2023-08-11 13:13:54.403 [INFO] [restartedMain] [220] Tomcat started on port(s): 8080 (http) with context path '/u-and-me'
2023-08-11 13:13:54.417 [INFO] [restartedMain] [61] Started UAndMeApplication in 7.758 seconds (JVM running for 8.511)
2023-08-11 13:13:56.594 [INFO] [http-nio-8080-exec-1] [173] Initializing Spring DispatcherServlet 'dispatcherServlet'
2023-08-11 13:13:56.594 [INFO] [http-nio-8080-exec-1] [525] Initializing Servlet 'dispatcherServlet'
2023-08-11 13:13:56.595 [INFO] [http-nio-8080-exec-1] [547] Completed initialization in 1 ms
2023-08-11 13:13:59.777 [INFO] [SpringApplicationShutdownHook] [651] Closing JPA EntityManagerFactory for persistence unit 'default'
2023-08-11 13:13:59.780 [INFO] [SpringApplicationShutdownHook] [350] HikariPool-1 - Shutdown initiated...
2023-08-11 13:13:59.786 [INFO] [SpringApplicationShutdownHook] [352] HikariPool-1 - Shutdown completed.
2023-08-11 13:14:42.572 [INFO] [restartedMain] [55] Starting UAndMeApplication using Java 17.0.6 on LAPTOP-EGI1T3KO with PID 19308 (C:\temp\u-and-me\target\classes started by T14 Gen 3 in C:\temp\u-and-me)
2023-08-11 13:14:42.574 [DEBUG] [restartedMain] [56] Running with Spring Boot v2.7.14, Spring v5.3.29
2023-08-11 13:14:42.575 [INFO] [restartedMain] [631] No active profile set, falling back to 1 default profile: "default"
2023-08-11 13:14:42.747 [INFO] [restartedMain] [255] Devtools property defaults active! Set 'spring.devtools.add-properties' to 'false' to disable
2023-08-11 13:14:42.748 [INFO] [restartedMain] [255] For additional web related logging consider setting the 'logging.level.web' property to 'DEBUG'
2023-08-11 13:14:43.634 [INFO] [restartedMain] [132] Bootstrapping Spring Data JPA repositories in DEFAULT mode.
2023-08-11 13:14:43.656 [INFO] [restartedMain] [201] Finished Spring Data repository scanning in 9 ms. Found 0 JPA repository interfaces.
2023-08-11 13:14:45.104 [INFO] [restartedMain] [108] Tomcat initialized with port(s): 8080 (http)
2023-08-11 13:14:45.143 [INFO] [restartedMain] [173] Starting service [Tomcat]
2023-08-11 13:14:45.144 [INFO] [restartedMain] [173] Starting Servlet engine: [Apache Tomcat/9.0.78]
2023-08-11 13:14:45.663 [INFO] [restartedMain] [173] At least one JAR was scanned for TLDs yet contained no TLDs. Enable debug logging for this logger for a complete list of JARs that were scanned but no TLDs were found in them. Skipping unneeded JARs during scanning can improve startup time and JSP compilation time.
2023-08-11 13:14:45.709 [INFO] [restartedMain] [173] Initializing Spring embedded WebApplicationContext
2023-08-11 13:14:45.710 [INFO] [restartedMain] [292] Root WebApplicationContext: initialization completed in 2961 ms
2023-08-11 13:14:46.558 [INFO] [restartedMain] [110] HikariPool-1 - Starting...
2023-08-11 13:14:46.992 [INFO] [restartedMain] [123] HikariPool-1 - Start completed.
2023-08-11 13:14:47.053 [INFO] [restartedMain] [31] HHH000204: Processing PersistenceUnitInfo [name: default]
2023-08-11 13:14:47.142 [INFO] [restartedMain] [44] HHH000412: Hibernate ORM core version 5.6.15.Final
2023-08-11 13:14:47.434 [INFO] [restartedMain] [56] HCANN000001: Hibernate Commons Annotations {5.1.2.Final}
2023-08-11 13:14:47.642 [INFO] [restartedMain] [175] HHH000400: Using dialect: org.hibernate.dialect.MySQLDialect
2023-08-11 13:14:47.898 [INFO] [restartedMain] [52] HHH000490: Using JtaPlatform implementation: [org.hibernate.engine.transaction.jta.platform.internal.NoJtaPlatform]
2023-08-11 13:14:47.914 [INFO] [restartedMain] [437] Initialized JPA EntityManagerFactory for persistence unit 'default'
2023-08-11 13:14:47.994 [WARN] [restartedMain] [223] spring.jpa.open-in-view is enabled by default. Therefore, database queries may be performed during view rendering. Explicitly configure spring.jpa.open-in-view to disable this warning
2023-08-11 13:14:48.479 [INFO] [restartedMain] [58] Adding welcome page: class path resource [static/index.html]
2023-08-11 13:14:48.989 [INFO] [restartedMain] [59] LiveReload server is running on port 35729
2023-08-11 13:14:49.080 [INFO] [restartedMain] [220] Tomcat started on port(s): 8080 (http) with context path '/u-and-me'
2023-08-11 13:14:49.097 [INFO] [restartedMain] [61] Started UAndMeApplication in 7.297 seconds (JVM running for 8.148)
2023-08-11 13:15:05.137 [INFO] [http-nio-8080-exec-2] [173] Initializing Spring DispatcherServlet 'dispatcherServlet'
2023-08-11 13:15:05.138 [INFO] [http-nio-8080-exec-2] [525] Initializing Servlet 'dispatcherServlet'
2023-08-11 13:15:05.140 [INFO] [http-nio-8080-exec-2] [547] Completed initialization in 2 ms
2023-08-11 13:16:49.464 [INFO] [SpringApplicationShutdownHook] [651] Closing JPA EntityManagerFactory for persistence unit 'default'
2023-08-11 13:16:49.467 [INFO] [SpringApplicationShutdownHook] [350] HikariPool-1 - Shutdown initiated...
2023-08-11 13:16:49.475 [INFO] [SpringApplicationShutdownHook] [352] HikariPool-1 - Shutdown completed.
2023-08-11 13:16:58.716 [INFO] [restartedMain] [55] Starting UAndMeApplication using Java 17.0.6 on LAPTOP-EGI1T3KO with PID 8920 (C:\temp\u-and-me\target\classes started by T14 Gen 3 in C:\temp\u-and-me)
2023-08-11 13:16:58.719 [DEBUG] [restartedMain] [56] Running with Spring Boot v2.7.14, Spring v5.3.29
2023-08-11 13:16:58.720 [INFO] [restartedMain] [631] No active profile set, falling back to 1 default profile: "default"
2023-08-11 13:16:58.856 [INFO] [restartedMain] [255] Devtools property defaults active! Set 'spring.devtools.add-properties' to 'false' to disable
2023-08-11 13:16:58.857 [INFO] [restartedMain] [255] For additional web related logging consider setting the 'logging.level.web' property to 'DEBUG'
2023-08-11 13:16:59.894 [INFO] [restartedMain] [132] Bootstrapping Spring Data JPA repositories in DEFAULT mode.
2023-08-11 13:16:59.995 [INFO] [restartedMain] [201] Finished Spring Data repository scanning in 91 ms. Found 5 JPA repository interfaces.
2023-08-11 13:17:01.396 [INFO] [restartedMain] [108] Tomcat initialized with port(s): 8080 (http)
2023-08-11 13:17:01.445 [INFO] [restartedMain] [173] Starting service [Tomcat]
2023-08-11 13:17:01.446 [INFO] [restartedMain] [173] Starting Servlet engine: [Apache Tomcat/9.0.78]
2023-08-11 13:17:01.928 [INFO] [restartedMain] [173] At least one JAR was scanned for TLDs yet contained no TLDs. Enable debug logging for this logger for a complete list of JARs that were scanned but no TLDs were found in them. Skipping unneeded JARs during scanning can improve startup time and JSP compilation time.
2023-08-11 13:17:01.978 [INFO] [restartedMain] [173] Initializing Spring embedded WebApplicationContext
2023-08-11 13:17:01.979 [INFO] [restartedMain] [292] Root WebApplicationContext: initialization completed in 3120 ms
2023-08-11 13:17:02.839 [INFO] [restartedMain] [110] HikariPool-1 - Starting...
2023-08-11 13:17:03.281 [INFO] [restartedMain] [123] HikariPool-1 - Start completed.
2023-08-11 13:17:03.375 [INFO] [restartedMain] [31] HHH000204: Processing PersistenceUnitInfo [name: default]
2023-08-11 13:17:03.584 [INFO] [restartedMain] [44] HHH000412: Hibernate ORM core version 5.6.15.Final
2023-08-11 13:17:03.866 [INFO] [restartedMain] [56] HCANN000001: Hibernate Commons Annotations {5.1.2.Final}
2023-08-11 13:17:04.128 [INFO] [restartedMain] [175] HHH000400: Using dialect: org.hibernate.dialect.MySQLDialect
2023-08-11 13:17:04.873 [INFO] [restartedMain] [52] HHH000490: Using JtaPlatform implementation: [org.hibernate.engine.transaction.jta.platform.internal.NoJtaPlatform]
2023-08-11 13:17:04.883 [INFO] [restartedMain] [437] Initialized JPA EntityManagerFactory for persistence unit 'default'
2023-08-11 13:17:05.586 [WARN] [restartedMain] [223] spring.jpa.open-in-view is enabled by default. Therefore, database queries may be performed during view rendering. Explicitly configure spring.jpa.open-in-view to disable this warning
2023-08-11 13:17:06.002 [INFO] [restartedMain] [58] Adding welcome page: class path resource [static/index.html]
2023-08-11 13:17:06.649 [INFO] [restartedMain] [59] LiveReload server is running on port 35729
2023-08-11 13:17:06.885 [INFO] [restartedMain] [220] Tomcat started on port(s): 8080 (http) with context path '/u-and-me'
2023-08-11 13:17:06.917 [INFO] [restartedMain] [61] Started UAndMeApplication in 8.988 seconds (JVM running for 10.467)
2023-08-11 13:17:30.602 [INFO] [http-nio-8080-exec-1] [173] Initializing Spring DispatcherServlet 'dispatcherServlet'
2023-08-11 13:17:30.603 [INFO] [http-nio-8080-exec-1] [525] Initializing Servlet 'dispatcherServlet'
2023-08-11 13:17:30.604 [INFO] [http-nio-8080-exec-1] [547] Completed initialization in 1 ms
2023-08-11 13:17:30.798 [WARN] [http-nio-8080-exec-1] [137] SQL Error: 1064, SQLState: 42000
2023-08-11 13:17:30.799 [ERROR] [http-nio-8080-exec-1] [142] You have an error in your SQL syntax; check the manual that corresponds to your MySQL server version for the right syntax to use near 'group group0_' at line 1
2023-08-11 13:17:30.823 [ERROR] [http-nio-8080-exec-1] [175] Servlet.service() for servlet [dispatcherServlet] in context with path [/u-and-me] threw exception [Request processing failed; nested exception is org.springframework.dao.InvalidDataAccessResourceUsageException: could not extract ResultSet; SQL [n/a]; nested exception is org.hibernate.exception.SQLGrammarException: could not extract ResultSet] with root cause
java.sql.SQLSyntaxErrorException: You have an error in your SQL syntax; check the manual that corresponds to your MySQL server version for the right syntax to use near 'group group0_' at line 1
	at com.mysql.cj.jdbc.exceptions.SQLError.createSQLException(SQLError.java:121)
	at com.mysql.cj.jdbc.exceptions.SQLExceptionsMapping.translateException(SQLExceptionsMapping.java:122)
	at com.mysql.cj.jdbc.ClientPreparedStatement.executeInternal(ClientPreparedStatement.java:916)
	at com.mysql.cj.jdbc.ClientPreparedStatement.executeQuery(ClientPreparedStatement.java:972)
	at com.zaxxer.hikari.pool.ProxyPreparedStatement.executeQuery(ProxyPreparedStatement.java:52)
	at com.zaxxer.hikari.pool.HikariProxyPreparedStatement.executeQuery(HikariProxyPreparedStatement.java)
	at org.hibernate.engine.jdbc.internal.ResultSetReturnImpl.extract(ResultSetReturnImpl.java:57)
	at org.hibernate.loader.Loader.getResultSet(Loader.java:2322)
	at org.hibernate.loader.Loader.executeQueryStatement(Loader.java:2075)
	at org.hibernate.loader.Loader.executeQueryStatement(Loader.java:2037)
	at org.hibernate.loader.Loader.doQuery(Loader.java:956)
	at org.hibernate.loader.Loader.doQueryAndInitializeNonLazyCollections(Loader.java:357)
	at org.hibernate.loader.Loader.doList(Loader.java:2868)
	at org.hibernate.loader.Loader.doList(Loader.java:2850)
	at org.hibernate.loader.Loader.listIgnoreQueryCache(Loader.java:2682)
	at org.hibernate.loader.Loader.list(Loader.java:2677)
	at org.hibernate.loader.hql.QueryLoader.list(QueryLoader.java:540)
	at org.hibernate.hql.internal.ast.QueryTranslatorImpl.list(QueryTranslatorImpl.java:400)
	at org.hibernate.engine.query.spi.HQLQueryPlan.performList(HQLQueryPlan.java:218)
	at org.hibernate.internal.SessionImpl.list(SessionImpl.java:1459)
	at org.hibernate.query.internal.AbstractProducedQuery.doList(AbstractProducedQuery.java:1649)
	at org.hibernate.query.internal.AbstractProducedQuery.list(AbstractProducedQuery.java:1617)
	at org.hibernate.query.Query.getResultList(Query.java:165)
	at org.hibernate.query.criteria.internal.compile.CriteriaQueryTypeQueryAdapter.getResultList(CriteriaQueryTypeQueryAdapter.java:76)
	at org.springframework.data.jpa.repository.support.SimpleJpaRepository.findAll(SimpleJpaRepository.java:427)
	at org.springframework.data.jpa.repository.support.SimpleJpaRepository.findAll(SimpleJpaRepository.java:88)
	at java.base/jdk.internal.reflect.NativeMethodAccessorImpl.invoke0(Native Method)
	at java.base/jdk.internal.reflect.NativeMethodAccessorImpl.invoke(NativeMethodAccessorImpl.java:77)
	at java.base/jdk.internal.reflect.DelegatingMethodAccessorImpl.invoke(DelegatingMethodAccessorImpl.java:43)
	at java.base/java.lang.reflect.Method.invoke(Method.java:568)
	at org.springframework.data.repository.core.support.RepositoryMethodInvoker$RepositoryFragmentMethodInvoker.lambda$new$0(RepositoryMethodInvoker.java:289)
	at org.springframework.data.repository.core.support.RepositoryMethodInvoker.doInvoke(RepositoryMethodInvoker.java:137)
	at org.springframework.data.repository.core.support.RepositoryMethodInvoker.invoke(RepositoryMethodInvoker.java:121)
	at org.springframework.data.repository.core.support.RepositoryComposition$RepositoryFragments.invoke(RepositoryComposition.java:530)
	at org.springframework.data.repository.core.support.RepositoryComposition.invoke(RepositoryComposition.java:286)
	at org.springframework.data.repository.core.support.RepositoryFactorySupport$ImplementationMethodExecutionInterceptor.invoke(RepositoryFactorySupport.java:640)
	at org.springframework.aop.framework.ReflectiveMethodInvocation.proceed(ReflectiveMethodInvocation.java:186)
	at org.springframework.data.repository.core.support.QueryExecutorMethodInterceptor.doInvoke(QueryExecutorMethodInterceptor.java:164)
	at org.springframework.data.repository.core.support.QueryExecutorMethodInterceptor.invoke(QueryExecutorMethodInterceptor.java:139)
	at org.springframework.aop.framework.ReflectiveMethodInvocation.proceed(ReflectiveMethodInvocation.java:186)
	at org.springframework.transaction.interceptor.TransactionInterceptor$1.proceedWithInvocation(TransactionInterceptor.java:123)
	at org.springframework.transaction.interceptor.TransactionAspectSupport.invokeWithinTransaction(TransactionAspectSupport.java:388)
	at org.springframework.transaction.interceptor.TransactionInterceptor.invoke(TransactionInterceptor.java:119)
	at org.springframework.aop.framework.ReflectiveMethodInvocation.proceed(ReflectiveMethodInvocation.java:186)
	at org.springframework.dao.support.PersistenceExceptionTranslationInterceptor.invoke(PersistenceExceptionTranslationInterceptor.java:137)
	at org.springframework.aop.framework.ReflectiveMethodInvocation.proceed(ReflectiveMethodInvocation.java:186)
	at org.springframework.data.jpa.repository.support.CrudMethodMetadataPostProcessor$CrudMethodMetadataPopulatingMethodInterceptor.invoke(CrudMethodMetadataPostProcessor.java:174)
	at org.springframework.aop.framework.ReflectiveMethodInvocation.proceed(ReflectiveMethodInvocation.java:186)
	at org.springframework.aop.interceptor.ExposeInvocationInterceptor.invoke(ExposeInvocationInterceptor.java:97)
	at org.springframework.aop.framework.ReflectiveMethodInvocation.proceed(ReflectiveMethodInvocation.java:186)
	at org.springframework.aop.framework.JdkDynamicAopProxy.invoke(JdkDynamicAopProxy.java:241)
	at jdk.proxy4/jdk.proxy4.$Proxy106.findAll(Unknown Source)
	at tw.idv.cha102.g7.group.dao.impl.GroupDAOImpl.getAll(GroupImpl.java:49)
	at tw.idv.cha102.g7.group.service.GroupService.getAll(GroupService.java:37)
	at tw.idv.cha102.g7.group.controller.GroupController.getAll(GroupController.java:39)
	at java.base/jdk.internal.reflect.NativeMethodAccessorImpl.invoke0(Native Method)
	at java.base/jdk.internal.reflect.NativeMethodAccessorImpl.invoke(NativeMethodAccessorImpl.java:77)
	at java.base/jdk.internal.reflect.DelegatingMethodAccessorImpl.invoke(DelegatingMethodAccessorImpl.java:43)
	at java.base/java.lang.reflect.Method.invoke(Method.java:568)
	at org.springframework.web.method.support.InvocableHandlerMethod.doInvoke(InvocableHandlerMethod.java:205)
	at org.springframework.web.method.support.InvocableHandlerMethod.invokeForRequest(InvocableHandlerMethod.java:150)
	at org.springframework.web.servlet.mvc.method.annotation.ServletInvocableHandlerMethod.invokeAndHandle(ServletInvocableHandlerMethod.java:117)
	at org.springframework.web.servlet.mvc.method.annotation.RequestMappingHandlerAdapter.invokeHandlerMethod(RequestMappingHandlerAdapter.java:895)
	at org.springframework.web.servlet.mvc.method.annotation.RequestMappingHandlerAdapter.handleInternal(RequestMappingHandlerAdapter.java:808)
	at org.springframework.web.servlet.mvc.method.AbstractHandlerMethodAdapter.handle(AbstractHandlerMethodAdapter.java:87)
	at org.springframework.web.servlet.DispatcherServlet.doDispatch(DispatcherServlet.java:1072)
	at org.springframework.web.servlet.DispatcherServlet.doService(DispatcherServlet.java:965)
	at org.springframework.web.servlet.FrameworkServlet.processRequest(FrameworkServlet.java:1006)
	at org.springframework.web.servlet.FrameworkServlet.doGet(FrameworkServlet.java:898)
	at javax.servlet.http.HttpServlet.service(HttpServlet.java:529)
	at org.springframework.web.servlet.FrameworkServlet.service(FrameworkServlet.java:883)
	at javax.servlet.http.HttpServlet.service(HttpServlet.java:623)
	at org.apache.catalina.core.ApplicationFilterChain.internalDoFilter(ApplicationFilterChain.java:209)
	at org.apache.catalina.core.ApplicationFilterChain.doFilter(ApplicationFilterChain.java:153)
	at org.apache.tomcat.websocket.server.WsFilter.doFilter(WsFilter.java:51)
	at org.apache.catalina.core.ApplicationFilterChain.internalDoFilter(ApplicationFilterChain.java:178)
	at org.apache.catalina.core.ApplicationFilterChain.doFilter(ApplicationFilterChain.java:153)
	at org.springframework.web.filter.RequestContextFilter.doFilterInternal(RequestContextFilter.java:100)
	at org.springframework.web.filter.OncePerRequestFilter.doFilter(OncePerRequestFilter.java:117)
	at org.apache.catalina.core.ApplicationFilterChain.internalDoFilter(ApplicationFilterChain.java:178)
	at org.apache.catalina.core.ApplicationFilterChain.doFilter(ApplicationFilterChain.java:153)
	at org.springframework.web.filter.FormContentFilter.doFilterInternal(FormContentFilter.java:93)
	at org.springframework.web.filter.OncePerRequestFilter.doFilter(OncePerRequestFilter.java:117)
	at org.apache.catalina.core.ApplicationFilterChain.internalDoFilter(ApplicationFilterChain.java:178)
	at org.apache.catalina.core.ApplicationFilterChain.doFilter(ApplicationFilterChain.java:153)
	at org.springframework.web.filter.CharacterEncodingFilter.doFilterInternal(CharacterEncodingFilter.java:201)
	at org.springframework.web.filter.OncePerRequestFilter.doFilter(OncePerRequestFilter.java:117)
	at org.apache.catalina.core.ApplicationFilterChain.internalDoFilter(ApplicationFilterChain.java:178)
	at org.apache.catalina.core.ApplicationFilterChain.doFilter(ApplicationFilterChain.java:153)
	at org.apache.catalina.core.StandardWrapperValve.invoke(StandardWrapperValve.java:167)
	at org.apache.catalina.core.StandardContextValve.invoke(StandardContextValve.java:90)
	at org.apache.catalina.authenticator.AuthenticatorBase.invoke(AuthenticatorBase.java:481)
	at org.apache.catalina.core.StandardHostValve.invoke(StandardHostValve.java:130)
	at org.apache.catalina.valves.ErrorReportValve.invoke(ErrorReportValve.java:93)
	at org.apache.catalina.core.StandardEngineValve.invoke(StandardEngineValve.java:74)
	at org.apache.catalina.connector.CoyoteAdapter.service(CoyoteAdapter.java:343)
	at org.apache.coyote.http11.Http11Processor.service(Http11Processor.java:390)
	at org.apache.coyote.AbstractProcessorLight.process(AbstractProcessorLight.java:63)
	at org.apache.coyote.AbstractProtocol$ConnectionHandler.process(AbstractProtocol.java:926)
	at org.apache.tomcat.util.net.NioEndpoint$SocketProcessor.doRun(NioEndpoint.java:1791)
	at org.apache.tomcat.util.net.SocketProcessorBase.run(SocketProcessorBase.java:52)
	at org.apache.tomcat.util.threads.ThreadPoolExecutor.runWorker(ThreadPoolExecutor.java:1191)
	at org.apache.tomcat.util.threads.ThreadPoolExecutor$Worker.run(ThreadPoolExecutor.java:659)
	at org.apache.tomcat.util.threads.TaskThread$WrappingRunnable.run(TaskThread.java:61)
	at java.base/java.lang.Thread.run(Thread.java:833)
2023-08-11 13:19:14.046 [INFO] [SpringApplicationShutdownHook] [651] Closing JPA EntityManagerFactory for persistence unit 'default'
2023-08-11 13:19:14.051 [INFO] [SpringApplicationShutdownHook] [350] HikariPool-1 - Shutdown initiated...
2023-08-11 13:19:14.065 [INFO] [SpringApplicationShutdownHook] [352] HikariPool-1 - Shutdown completed.
2023-08-11 13:19:22.109 [INFO] [restartedMain] [55] Starting UAndMeApplication using Java 17.0.6 on LAPTOP-EGI1T3KO with PID 11336 (C:\temp\u-and-me\target\classes started by T14 Gen 3 in C:\temp\u-and-me)
2023-08-11 13:19:22.112 [DEBUG] [restartedMain] [56] Running with Spring Boot v2.7.14, Spring v5.3.29
2023-08-11 13:19:22.113 [INFO] [restartedMain] [631] No active profile set, falling back to 1 default profile: "default"
2023-08-11 13:19:22.229 [INFO] [restartedMain] [255] Devtools property defaults active! Set 'spring.devtools.add-properties' to 'false' to disable
2023-08-11 13:19:22.229 [INFO] [restartedMain] [255] For additional web related logging consider setting the 'logging.level.web' property to 'DEBUG'
2023-08-11 13:19:23.284 [INFO] [restartedMain] [132] Bootstrapping Spring Data JPA repositories in DEFAULT mode.
2023-08-11 13:19:23.391 [INFO] [restartedMain] [201] Finished Spring Data repository scanning in 86 ms. Found 5 JPA repository interfaces.
2023-08-11 13:19:24.814 [INFO] [restartedMain] [108] Tomcat initialized with port(s): 8080 (http)
2023-08-11 13:19:24.847 [INFO] [restartedMain] [173] Starting service [Tomcat]
2023-08-11 13:19:24.848 [INFO] [restartedMain] [173] Starting Servlet engine: [Apache Tomcat/9.0.78]
2023-08-11 13:19:25.286 [INFO] [restartedMain] [173] At least one JAR was scanned for TLDs yet contained no TLDs. Enable debug logging for this logger for a complete list of JARs that were scanned but no TLDs were found in them. Skipping unneeded JARs during scanning can improve startup time and JSP compilation time.
2023-08-11 13:19:25.332 [INFO] [restartedMain] [173] Initializing Spring embedded WebApplicationContext
2023-08-11 13:19:25.333 [INFO] [restartedMain] [292] Root WebApplicationContext: initialization completed in 3101 ms
2023-08-11 13:19:26.176 [INFO] [restartedMain] [110] HikariPool-1 - Starting...
2023-08-11 13:19:26.519 [INFO] [restartedMain] [123] HikariPool-1 - Start completed.
2023-08-11 13:19:26.577 [INFO] [restartedMain] [31] HHH000204: Processing PersistenceUnitInfo [name: default]
2023-08-11 13:19:26.690 [INFO] [restartedMain] [44] HHH000412: Hibernate ORM core version 5.6.15.Final
2023-08-11 13:19:26.899 [INFO] [restartedMain] [56] HCANN000001: Hibernate Commons Annotations {5.1.2.Final}
2023-08-11 13:19:27.034 [INFO] [restartedMain] [175] HHH000400: Using dialect: org.hibernate.dialect.MySQLDialect
2023-08-11 13:19:27.736 [INFO] [restartedMain] [52] HHH000490: Using JtaPlatform implementation: [org.hibernate.engine.transaction.jta.platform.internal.NoJtaPlatform]
2023-08-11 13:19:27.745 [INFO] [restartedMain] [437] Initialized JPA EntityManagerFactory for persistence unit 'default'
2023-08-11 13:19:28.506 [WARN] [restartedMain] [223] spring.jpa.open-in-view is enabled by default. Therefore, database queries may be performed during view rendering. Explicitly configure spring.jpa.open-in-view to disable this warning
2023-08-11 13:19:28.932 [INFO] [restartedMain] [58] Adding welcome page: class path resource [static/index.html]
2023-08-11 13:19:29.540 [INFO] [restartedMain] [59] LiveReload server is running on port 35729
2023-08-11 13:19:29.780 [INFO] [restartedMain] [220] Tomcat started on port(s): 8080 (http) with context path '/u-and-me'
2023-08-11 13:19:29.822 [INFO] [restartedMain] [61] Started UAndMeApplication in 8.424 seconds (JVM running for 9.136)
2023-08-11 13:19:43.721 [INFO] [http-nio-8080-exec-1] [173] Initializing Spring DispatcherServlet 'dispatcherServlet'
2023-08-11 13:19:43.721 [INFO] [http-nio-8080-exec-1] [525] Initializing Servlet 'dispatcherServlet'
2023-08-11 13:19:43.723 [INFO] [http-nio-8080-exec-1] [547] Completed initialization in 1 ms
2023-08-11 13:22:54.501 [INFO] [SpringApplicationShutdownHook] [651] Closing JPA EntityManagerFactory for persistence unit 'default'
2023-08-11 13:22:54.504 [INFO] [SpringApplicationShutdownHook] [350] HikariPool-1 - Shutdown initiated...
2023-08-11 13:22:54.510 [INFO] [SpringApplicationShutdownHook] [352] HikariPool-1 - Shutdown completed.
2023-08-11 13:23:26.813 [INFO] [restartedMain] [55] Starting UAndMeApplication using Java 17.0.6 on LAPTOP-EGI1T3KO with PID 15644 (C:\temp\u-and-me\target\classes started by T14 Gen 3 in C:\temp\u-and-me)
2023-08-11 13:23:26.814 [DEBUG] [restartedMain] [56] Running with Spring Boot v2.7.14, Spring v5.3.29
2023-08-11 13:23:26.815 [INFO] [restartedMain] [631] No active profile set, falling back to 1 default profile: "default"
2023-08-11 13:23:26.882 [INFO] [restartedMain] [255] Devtools property defaults active! Set 'spring.devtools.add-properties' to 'false' to disable
2023-08-11 13:23:26.882 [INFO] [restartedMain] [255] For additional web related logging consider setting the 'logging.level.web' property to 'DEBUG'
2023-08-11 13:23:27.412 [INFO] [restartedMain] [132] Bootstrapping Spring Data JPA repositories in DEFAULT mode.
2023-08-11 13:23:27.466 [INFO] [restartedMain] [201] Finished Spring Data repository scanning in 46 ms. Found 5 JPA repository interfaces.
2023-08-11 13:23:28.131 [INFO] [restartedMain] [108] Tomcat initialized with port(s): 8080 (http)
2023-08-11 13:23:28.148 [INFO] [restartedMain] [173] Starting service [Tomcat]
2023-08-11 13:23:28.148 [INFO] [restartedMain] [173] Starting Servlet engine: [Apache Tomcat/9.0.78]
2023-08-11 13:23:28.361 [INFO] [restartedMain] [173] At least one JAR was scanned for TLDs yet contained no TLDs. Enable debug logging for this logger for a complete list of JARs that were scanned but no TLDs were found in them. Skipping unneeded JARs during scanning can improve startup time and JSP compilation time.
2023-08-11 13:23:28.381 [INFO] [restartedMain] [173] Initializing Spring embedded WebApplicationContext
2023-08-11 13:23:28.382 [INFO] [restartedMain] [292] Root WebApplicationContext: initialization completed in 1498 ms
2023-08-11 13:23:28.721 [INFO] [restartedMain] [110] HikariPool-1 - Starting...
2023-08-11 13:23:28.917 [INFO] [restartedMain] [123] HikariPool-1 - Start completed.
2023-08-11 13:23:28.958 [INFO] [restartedMain] [31] HHH000204: Processing PersistenceUnitInfo [name: default]
2023-08-11 13:23:28.995 [INFO] [restartedMain] [44] HHH000412: Hibernate ORM core version 5.6.15.Final
2023-08-11 13:23:29.162 [INFO] [restartedMain] [56] HCANN000001: Hibernate Commons Annotations {5.1.2.Final}
2023-08-11 13:23:29.336 [INFO] [restartedMain] [175] HHH000400: Using dialect: org.hibernate.dialect.MySQLDialect
2023-08-11 13:23:29.803 [INFO] [restartedMain] [52] HHH000490: Using JtaPlatform implementation: [org.hibernate.engine.transaction.jta.platform.internal.NoJtaPlatform]
2023-08-11 13:23:29.808 [INFO] [restartedMain] [437] Initialized JPA EntityManagerFactory for persistence unit 'default'
2023-08-11 13:23:30.227 [WARN] [restartedMain] [223] spring.jpa.open-in-view is enabled by default. Therefore, database queries may be performed during view rendering. Explicitly configure spring.jpa.open-in-view to disable this warning
2023-08-11 13:23:30.471 [INFO] [restartedMain] [58] Adding welcome page: class path resource [static/index.html]
2023-08-11 13:23:30.840 [INFO] [restartedMain] [59] LiveReload server is running on port 35729
2023-08-11 13:23:30.921 [INFO] [restartedMain] [220] Tomcat started on port(s): 8080 (http) with context path '/u-and-me'
2023-08-11 13:23:30.935 [INFO] [restartedMain] [61] Started UAndMeApplication in 4.43 seconds (JVM running for 4.771)
2023-08-11 13:23:34.707 [INFO] [http-nio-8080-exec-1] [173] Initializing Spring DispatcherServlet 'dispatcherServlet'
2023-08-11 13:23:34.707 [INFO] [http-nio-8080-exec-1] [525] Initializing Servlet 'dispatcherServlet'
2023-08-11 13:23:34.708 [INFO] [http-nio-8080-exec-1] [547] Completed initialization in 1 ms
2023-08-11 13:28:39.745 [INFO] [SpringApplicationShutdownHook] [651] Closing JPA EntityManagerFactory for persistence unit 'default'
2023-08-11 13:28:39.750 [INFO] [SpringApplicationShutdownHook] [350] HikariPool-1 - Shutdown initiated...
2023-08-11 13:28:39.762 [INFO] [SpringApplicationShutdownHook] [352] HikariPool-1 - Shutdown completed.
2023-08-11 13:29:37.044 [INFO] [restartedMain] [55] Starting UAndMeApplication using Java 17.0.6 on LAPTOP-EGI1T3KO with PID 1884 (C:\temp\u-and-me\target\classes started by T14 Gen 3 in C:\temp\u-and-me)
2023-08-11 13:29:37.046 [DEBUG] [restartedMain] [56] Running with Spring Boot v2.7.14, Spring v5.3.29
2023-08-11 13:29:37.046 [INFO] [restartedMain] [631] No active profile set, falling back to 1 default profile: "default"
2023-08-11 13:29:37.116 [INFO] [restartedMain] [255] Devtools property defaults active! Set 'spring.devtools.add-properties' to 'false' to disable
2023-08-11 13:29:37.116 [INFO] [restartedMain] [255] For additional web related logging consider setting the 'logging.level.web' property to 'DEBUG'
2023-08-11 13:29:37.637 [INFO] [restartedMain] [132] Bootstrapping Spring Data JPA repositories in DEFAULT mode.
2023-08-11 13:29:37.685 [INFO] [restartedMain] [201] Finished Spring Data repository scanning in 41 ms. Found 5 JPA repository interfaces.
2023-08-11 13:29:38.406 [INFO] [restartedMain] [108] Tomcat initialized with port(s): 8080 (http)
2023-08-11 13:29:38.419 [INFO] [restartedMain] [173] Starting service [Tomcat]
2023-08-11 13:29:38.420 [INFO] [restartedMain] [173] Starting Servlet engine: [Apache Tomcat/9.0.78]
2023-08-11 13:29:38.629 [INFO] [restartedMain] [173] At least one JAR was scanned for TLDs yet contained no TLDs. Enable debug logging for this logger for a complete list of JARs that were scanned but no TLDs were found in them. Skipping unneeded JARs during scanning can improve startup time and JSP compilation time.
2023-08-11 13:29:38.648 [INFO] [restartedMain] [173] Initializing Spring embedded WebApplicationContext
2023-08-11 13:29:38.648 [INFO] [restartedMain] [292] Root WebApplicationContext: initialization completed in 1530 ms
2023-08-11 13:29:39.001 [INFO] [restartedMain] [110] HikariPool-1 - Starting...
2023-08-11 13:29:39.197 [INFO] [restartedMain] [123] HikariPool-1 - Start completed.
2023-08-11 13:29:39.238 [INFO] [restartedMain] [31] HHH000204: Processing PersistenceUnitInfo [name: default]
2023-08-11 13:29:39.274 [INFO] [restartedMain] [44] HHH000412: Hibernate ORM core version 5.6.15.Final
2023-08-11 13:29:39.452 [INFO] [restartedMain] [56] HCANN000001: Hibernate Commons Annotations {5.1.2.Final}
2023-08-11 13:29:39.569 [INFO] [restartedMain] [175] HHH000400: Using dialect: org.hibernate.dialect.MySQLDialect
2023-08-11 13:29:39.999 [INFO] [restartedMain] [52] HHH000490: Using JtaPlatform implementation: [org.hibernate.engine.transaction.jta.platform.internal.NoJtaPlatform]
2023-08-11 13:29:40.005 [INFO] [restartedMain] [437] Initialized JPA EntityManagerFactory for persistence unit 'default'
2023-08-11 13:29:40.436 [WARN] [restartedMain] [223] spring.jpa.open-in-view is enabled by default. Therefore, database queries may be performed during view rendering. Explicitly configure spring.jpa.open-in-view to disable this warning
2023-08-11 13:29:40.678 [INFO] [restartedMain] [58] Adding welcome page: class path resource [static/index.html]
2023-08-11 13:29:41.002 [INFO] [restartedMain] [59] LiveReload server is running on port 35729
2023-08-11 13:29:41.111 [INFO] [restartedMain] [220] Tomcat started on port(s): 8080 (http) with context path '/u-and-me'
2023-08-11 13:29:41.132 [INFO] [restartedMain] [61] Started UAndMeApplication in 4.406 seconds (JVM running for 4.769)
2023-08-11 13:29:44.178 [INFO] [http-nio-8080-exec-1] [173] Initializing Spring DispatcherServlet 'dispatcherServlet'
2023-08-11 13:29:44.179 [INFO] [http-nio-8080-exec-1] [525] Initializing Servlet 'dispatcherServlet'
2023-08-11 13:29:44.180 [INFO] [http-nio-8080-exec-1] [547] Completed initialization in 1 ms
2023-08-11 14:56:40.652 [INFO] [SpringApplicationShutdownHook] [651] Closing JPA EntityManagerFactory for persistence unit 'default'
2023-08-11 14:56:40.659 [INFO] [SpringApplicationShutdownHook] [350] HikariPool-1 - Shutdown initiated...
2023-08-11 14:56:40.665 [INFO] [SpringApplicationShutdownHook] [352] HikariPool-1 - Shutdown completed.
